d:\andrejbackup\programming\andrej123456789\tarfg\x64\debug\disk.cu.obj
d:\andrejbackup\programming\andrej123456789\tarfg\x64\debug\tarfg.cu.obj
d:\andrejbackup\programming\andrej123456789\tarfg\x64\debug\kernel.cu.obj
d:\andrejbackup\programming\andrej123456789\tarfg\x64\debug\test.cu.obj
d:\andrejbackup\programming\andrej123456789\tarfg\x64\debug\tarfg.lib
d:\andrejbackup\programming\andrej123456789\tarfg\x64\debug\tarfg.exp
d:\andrejbackup\programming\andrej123456789\tarfg\x64\debug\tarfg.exe
d:\andrejbackup\programming\andrej123456789\tarfg\x64\debug\tarfg.ilk
d:\andrejbackup\programming\andrej123456789\tarfg\x64\debug\tarfg.pdb
d:\andrejbackup\programming\andrej123456789\tarfg\x64\debug\cuda_utils.cu.cache
d:\andrejbackup\programming\andrej123456789\tarfg\x64\debug\disk.cu.cache
d:\andrejbackup\programming\andrej123456789\tarfg\x64\debug\kernel.cu.cache
d:\andrejbackup\programming\andrej123456789\tarfg\x64\debug\tarfg.cu.cache
d:\andrejbackup\programming\andrej123456789\tarfg\x64\debug\test.cu.cache
d:\andrejbackup\programming\andrej123456789\tarfg\x64\debug\cuda_utils.cu.obj
d:\andrejbackup\programming\andrej123456789\tarfg\x64\debug\vc143.pdb
d:\andrejbackup\programming\andrej123456789\tarfg\x64\debug\tarfg.tlog\cudacompile.read.1u.tlog
d:\andrejbackup\programming\andrej123456789\tarfg\x64\debug\tarfg.tlog\cudacompile.write.1u.tlog
d:\andrejbackup\programming\andrej123456789\tarfg\x64\debug\tarfg.tlog\link.command.1.tlog
d:\andrejbackup\programming\andrej123456789\tarfg\x64\debug\tarfg.tlog\link.read.1.tlog
d:\andrejbackup\programming\andrej123456789\tarfg\x64\debug\tarfg.tlog\link.write.1.tlog
d:\andrejbackup\programming\andrej123456789\tarfg\x64\debug\tarfg.tlog\link.write.2u.tlog
